Using pre-set license
Built from '2020.3/release' branch; Version is '2020.3.2f1 (8fd9074bf66c) revision 9427207'; Using compiler version '192528614'; Build Type 'Release'
OS: 'Windows 10 Home; OS build 19042.867; Version 2009; 64bit' Language: 'es' Physical Memory: 16226 MB
BatchMode: 1, IsHumanControllingUs: 0, StartBugReporterOnCrash: 0, Is64bit: 1, IsPro: 0

 COMMAND LINE ARGUMENTS:
C:\Program Files\Unity\Hub\Editor\2020.3.2f1\Editor\Unity.exe
-adb2
-batchMode
-noUpm
-name
AssetImportWorker0
-projectPath
C:/Users/belloburroteam/Documents/Unity/Arkanoid/Arkanoid
-logFile
Logs/AssetImportWorker0.log
-srvPort
63177
Successfully changed project path to: C:/Users/belloburroteam/Documents/Unity/Arkanoid/Arkanoid
C:/Users/belloburroteam/Documents/Unity/Arkanoid/Arkanoid
Using Asset Import Pipeline V2.
Refreshing native plugins compatible for Editor in 151.99 ms, found 1 plugins.
Preloading 0 native plugins for Editor in 0.00 ms.
Initialize engine version: 2020.3.2f1 (8fd9074bf66c)
[Subsystems] Discovering subsystems at path C:/Program Files/Unity/Hub/Editor/2020.3.2f1/Editor/Data/Resources/UnitySubsystems
[Subsystems] Discovering subsystems at path C:/Users/belloburroteam/Documents/Unity/Arkanoid/Arkanoid/Assets
GfxDevice: creating device client; threaded=0
Direct3D:
    Version:  Direct3D 11.0 [level 11.1]
    Renderer: NVIDIA GeForce GTX 1050 (ID=0x1c8d)
    Vendor:   
    VRAM:     4019 MB
    Driver:   24.21.13.9931
Initialize mono
Mono path[0] = 'C:/Program Files/Unity/Hub/Editor/2020.3.2f1/Editor/Data/Managed'
Mono path[1] = 'C:/Program Files/Unity/Hub/Editor/2020.3.2f1/Editor/Data/MonoBleedingEdge/lib/mono/unityjit'
Mono config path = 'C:/Program Files/Unity/Hub/Editor/2020.3.2f1/Editor/Data/MonoBleedingEdge/etc'
Using monoOptions --debugger-agent=transport=dt_socket,embedding=1,server=y,suspend=n,address=127.0.0.1:56392
Begin MonoManager ReloadAssembly
Registering precompiled unity dll's ...
Register platform support module: C:/Program Files/Unity/Hub/Editor/2020.3.2f1/Editor/Data/PlaybackEngines/WindowsStandaloneSupport/UnityEditor.WindowsStandalone.Extensions.dll
Registered in 0.005828 seconds.
Native extension for WindowsStandalone target not found
Refreshing native plugins compatible for Editor in 122.58 ms, found 1 plugins.
Preloading 0 native plugins for Editor in 0.00 ms.
Invoked RoslynAnalysisRunner static constructor.
RoslynAnalysisRunner will not be running.
RoslynAnalysisRunner has terminated.
Mono: successfully reloaded assembly
- Completed reload, in  3.616 seconds
Platform modules already initialized, skipping
Registering precompiled user dll's ...
Registered in 0.003001 seconds.
Begin MonoManager ReloadAssembly
Native extension for WindowsStandalone target not found
Refreshing native plugins compatible for Editor in 134.54 ms, found 1 plugins.
Preloading 0 native plugins for Editor in 0.00 ms.
Invoked RoslynAnalysisRunner static constructor.
RoslynAnalysisRunner will not be running.
RoslynAnalysisRunner has terminated.
Mono: successfully reloaded assembly
- Completed reload, in  2.671 seconds
Platform modules already initialized, skipping
========================================================================
Worker process is ready to serve import requests
Launched and connected shader compiler UnityShaderCompiler.exe after 0.15 seconds
Refreshing native plugins compatible for Editor in 0.80 ms, found 1 plugins.
Preloading 0 native plugins for Editor in 0.00 ms.
Unloading 1808 Unused Serialized files (Serialized files now loaded: 0)
System memory in use before: 84.8 MB.
System memory in use after: 84.8 MB.

Unloading 24 unused Assets to reduce memory usage. Loaded Objects now: 2250.
Total: 7.679200 ms (FindLiveObjects: 0.683500 ms CreateObjectMapping: 0.295000 ms MarkObjects: 6.203900 ms  DeleteObjects: 0.492300 ms)

========================================================================
Received Import Request.
  path: Assets/Scenes
  artifactKey: Guid(f831834af69af6e489eae4eaefd184cb) Importer(815301076,1909f56bfc062723c751e8b465ee728b)
Start importing Assets/Scenes using Guid(f831834af69af6e489eae4eaefd184cb) Importer(815301076,1909f56bfc062723c751e8b465ee728b)  -> (artifact id: '954c2fd9ddcfa7460324ab60826aad30') in 0.034713 seconds
  Import took 0.047192 seconds .

========================================================================
Received Import Request.
  Time since last request: 108.615447 seconds.
  path: Assets/Scenes/SampleScene.unity
  artifactKey: Guid(2cda990e2423bbf4892e6590ba056729) Importer(815301076,1909f56bfc062723c751e8b465ee728b)
Start importing Assets/Scenes/SampleScene.unity using Guid(2cda990e2423bbf4892e6590ba056729) Importer(815301076,1909f56bfc062723c751e8b465ee728b)  -> (artifact id: 'c2310208df74c583216671dde88d47ab') in 0.068877 seconds
  Import took 0.084553 seconds .

========================================================================
Received Prepare
Registering precompiled user dll's ...
Registered in 0.001507 seconds.
Begin MonoManager ReloadAssembly
Native extension for WindowsStandalone target not found
Refreshing native plugins compatible for Editor in 0.74 ms, found 1 plugins.
Preloading 0 native plugins for Editor in 0.00 ms.
Invoked RoslynAnalysisRunner static constructor.
RoslynAnalysisRunner will not be running.
RoslynAnalysisRunner has terminated.
Mono: successfully reloaded assembly
- Completed reload, in  1.782 seconds
Platform modules already initialized, skipping
Refreshing native plugins compatible for Editor in 0.75 ms, found 1 plugins.
Preloading 0 native plugins for Editor in 0.00 ms.
Unloading 1803 Unused Serialized files (Serialized files now loaded: 0)
System memory in use before: 84.8 MB.
System memory in use after: 84.7 MB.

Unloading 12 unused Assets to reduce memory usage. Loaded Objects now: 2254.
Total: 4.366800 ms (FindLiveObjects: 0.420500 ms CreateObjectMapping: 0.274900 ms MarkObjects: 3.383400 ms  DeleteObjects: 0.284900 ms)

========================================================================
Received Import Request.
  Time since last request: 740.029365 seconds.
  path: Assets/sprites/ball.png
  artifactKey: Guid(3dd038bc2be8049408618e87c934966e) Importer(815301076,1909f56bfc062723c751e8b465ee728b)
Start importing Assets/sprites/ball.png using Guid(3dd038bc2be8049408618e87c934966e) Importer(815301076,1909f56bfc062723c751e8b465ee728b)  -> (artifact id: '52d6df7d235dae6d17890f19992d465e') in 0.676240 seconds
  Import took 0.691130 seconds .

========================================================================
Received Import Request.
  Time since last request: 0.001058 seconds.
  path: Assets/sprites/block_red.png
  artifactKey: Guid(94ec74e5e623ffb49b6684609efebc67) Importer(815301076,1909f56bfc062723c751e8b465ee728b)
Start importing Assets/sprites/block_red.png using Guid(94ec74e5e623ffb49b6684609efebc67) Importer(815301076,1909f56bfc062723c751e8b465ee728b)  -> (artifact id: 'a6b5b386c3bf3a603af13ad92d2fae75') in 0.068646 seconds
  Import took 0.083094 seconds .

========================================================================
Received Import Request.
  Time since last request: 0.001311 seconds.
  path: Assets/sprites/racket.png
  artifactKey: Guid(ba17fadfb3cf30540b956fc4b256b6cb) Importer(815301076,1909f56bfc062723c751e8b465ee728b)
Start importing Assets/sprites/racket.png using Guid(ba17fadfb3cf30540b956fc4b256b6cb) Importer(815301076,1909f56bfc062723c751e8b465ee728b)  -> (artifact id: '1ba3b918a373c67e962253e7899c6120') in 0.071331 seconds
  Import took 0.087169 seconds .

========================================================================
Received Import Request.
  Time since last request: 0.001003 seconds.
  path: Assets/sprites/border_left.png
  artifactKey: Guid(dde77c2eba9613b44867cefb6ea96257) Importer(815301076,1909f56bfc062723c751e8b465ee728b)
Start importing Assets/sprites/border_left.png using Guid(dde77c2eba9613b44867cefb6ea96257) Importer(815301076,1909f56bfc062723c751e8b465ee728b)  -> (artifact id: 'c8329ccbe2edaacf20dff81dfcfc6df6') in 0.079224 seconds
  Import took 0.096061 seconds .

========================================================================
Received Import Request.
  Time since last request: 0.001114 seconds.
  path: Assets/sprites/block_blue.png
  artifactKey: Guid(60c72a9159063b445ab66cad451c9c56) Importer(815301076,1909f56bfc062723c751e8b465ee728b)
Start importing Assets/sprites/block_blue.png using Guid(60c72a9159063b445ab66cad451c9c56) Importer(815301076,1909f56bfc062723c751e8b465ee728b)  -> (artifact id: '872f25ee8554e211154e72113abcf46a') in 0.080358 seconds
  Import took 0.097569 seconds .

========================================================================
Received Import Request.
  Time since last request: 0.001165 seconds.
  path: Assets/sprites/block_pink.png
  artifactKey: Guid(ca9fee67ccb1d9540943bed7a05b0202) Importer(815301076,1909f56bfc062723c751e8b465ee728b)
Start importing Assets/sprites/block_pink.png using Guid(ca9fee67ccb1d9540943bed7a05b0202) Importer(815301076,1909f56bfc062723c751e8b465ee728b)  -> (artifact id: '282305930ff313a1fa6e4a96e6e8ebbc') in 0.070438 seconds
  Import took 0.089740 seconds .

========================================================================
Received Import Request.
  Time since last request: 0.000580 seconds.
  path: Assets/sprites/border_top.png
  artifactKey: Guid(0f14ffb7d5492ef4284f2c7fa4857e7e) Importer(815301076,1909f56bfc062723c751e8b465ee728b)
Start importing Assets/sprites/border_top.png using Guid(0f14ffb7d5492ef4284f2c7fa4857e7e) Importer(815301076,1909f56bfc062723c751e8b465ee728b)  -> (artifact id: '8ba4e78b0a2f19c2d14af3ad9450c5c7') in 0.032155 seconds
  Import took 0.038547 seconds .

========================================================================
Received Import Request.
  Time since last request: 0.000537 seconds.
  path: Assets/sprites/block_green.png
  artifactKey: Guid(4324006eff1e7e241a4292458811545a) Importer(815301076,1909f56bfc062723c751e8b465ee728b)
Start importing Assets/sprites/block_green.png using Guid(4324006eff1e7e241a4292458811545a) Importer(815301076,1909f56bfc062723c751e8b465ee728b)  -> (artifact id: 'f8014c70c8515f7308de3362ec539d30') in 0.031597 seconds
  Import took 0.038358 seconds .

========================================================================
Received Import Request.
  Time since last request: 0.000554 seconds.
  path: Assets/sprites/border_right.png
  artifactKey: Guid(8ab97771836963a41bf614a522641dc7) Importer(815301076,1909f56bfc062723c751e8b465ee728b)
Start importing Assets/sprites/border_right.png using Guid(8ab97771836963a41bf614a522641dc7) Importer(815301076,1909f56bfc062723c751e8b465ee728b)  -> (artifact id: '3f55cdaa587e3e253176c83e0cbe1249') in 0.034272 seconds
  Import took 0.040689 seconds .

========================================================================
Received Import Request.
  Time since last request: 0.000539 seconds.
  path: Assets/sprites/hexagon_pattern.png
  artifactKey: Guid(812a1324a6571904bb35de73eac0b355) Importer(815301076,1909f56bfc062723c751e8b465ee728b)
Start importing Assets/sprites/hexagon_pattern.png using Guid(812a1324a6571904bb35de73eac0b355) Importer(815301076,1909f56bfc062723c751e8b465ee728b)  -> (artifact id: '3f36fb673f32771538f4c8bd86b58858') in 0.037256 seconds
  Import took 0.041795 seconds .

========================================================================
Received Import Request.
  Time since last request: 0.000501 seconds.
  path: Assets/sprites/block_yellow.png
  artifactKey: Guid(add6fb60cd2cc90419853323dabbe22f) Importer(815301076,1909f56bfc062723c751e8b465ee728b)
Start importing Assets/sprites/block_yellow.png using Guid(add6fb60cd2cc90419853323dabbe22f) Importer(815301076,1909f56bfc062723c751e8b465ee728b)  -> (artifact id: '1231a30c7b5deee2c230146a26fd7d02') in 0.038237 seconds
  Import took 0.044515 seconds .

========================================================================
Received Import Request.
  Time since last request: 35.801082 seconds.
  path: Assets/sprites.zip
  artifactKey: Guid(8eedf928a8dd0ef4189f4de4d4555e31) Importer(815301076,1909f56bfc062723c751e8b465ee728b)
Start importing Assets/sprites.zip using Guid(8eedf928a8dd0ef4189f4de4d4555e31) Importer(815301076,1909f56bfc062723c751e8b465ee728b)  -> (artifact id: '2f6a59698ce94163cc730e40821d76eb') in 0.061250 seconds
  Import took 0.076597 seconds .

========================================================================
Received Import Request.
  Time since last request: 146.883715 seconds.
  path: Assets/hexagon_pattern.png
  artifactKey: Guid(812a1324a6571904bb35de73eac0b355) Importer(815301076,1909f56bfc062723c751e8b465ee728b)
Start importing Assets/hexagon_pattern.png using Guid(812a1324a6571904bb35de73eac0b355) Importer(815301076,1909f56bfc062723c751e8b465ee728b)  -> (artifact id: '78a873be8d1f20af57f7e6c6b4d199ce') in 0.052869 seconds
  Import took 0.060973 seconds .

========================================================================
Received Import Request.
  Time since last request: 43.109018 seconds.
  path: ProjectSettings/TagManager.asset
  artifactKey: Guid(00000000000000003000000000000000) Importer(815301076,1909f56bfc062723c751e8b465ee728b)
Start importing ProjectSettings/TagManager.asset using Guid(00000000000000003000000000000000) Importer(815301076,1909f56bfc062723c751e8b465ee728b)  -> (artifact id: '5187126b315f9ff4c3edc45da8f2c6de') in 0.020041 seconds
  Import took 0.025638 seconds .

========================================================================
Received Prepare
Registering precompiled user dll's ...
Registered in 0.001693 seconds.
Begin MonoManager ReloadAssembly
Native extension for WindowsStandalone target not found
Refreshing native plugins compatible for Editor in 0.48 ms, found 1 plugins.
Preloading 0 native plugins for Editor in 0.00 ms.
Invoked RoslynAnalysisRunner static constructor.
RoslynAnalysisRunner will not be running.
RoslynAnalysisRunner has terminated.
Mono: successfully reloaded assembly
- Completed reload, in  1.508 seconds
Platform modules already initialized, skipping
Refreshing native plugins compatible for Editor in 0.74 ms, found 1 plugins.
Preloading 0 native plugins for Editor in 0.00 ms.
Unloading 1803 Unused Serialized files (Serialized files now loaded: 0)
System memory in use before: 87.9 MB.
System memory in use after: 87.9 MB.

Unloading 13 unused Assets to reduce memory usage. Loaded Objects now: 2274.
Total: 4.927200 ms (FindLiveObjects: 0.414800 ms CreateObjectMapping: 0.188300 ms MarkObjects: 4.098800 ms  DeleteObjects: 0.222200 ms)

========================================================================
Received Prepare
Registering precompiled user dll's ...
Registered in 0.002347 seconds.
Begin MonoManager ReloadAssembly
Native extension for WindowsStandalone target not found
Refreshing native plugins compatible for Editor in 0.45 ms, found 1 plugins.
Preloading 0 native plugins for Editor in 0.00 ms.
Invoked RoslynAnalysisRunner static constructor.
RoslynAnalysisRunner will not be running.
RoslynAnalysisRunner has terminated.
Mono: successfully reloaded assembly
- Completed reload, in  1.365 seconds
Platform modules already initialized, skipping
Refreshing native plugins compatible for Editor in 0.52 ms, found 1 plugins.
Preloading 0 native plugins for Editor in 0.00 ms.
Unloading 1803 Unused Serialized files (Serialized files now loaded: 0)
System memory in use before: 87.9 MB.
System memory in use after: 87.9 MB.

Unloading 12 unused Assets to reduce memory usage. Loaded Objects now: 2278.
Total: 3.446200 ms (FindLiveObjects: 0.354400 ms CreateObjectMapping: 0.153000 ms MarkObjects: 2.776600 ms  DeleteObjects: 0.160400 ms)

========================================================================
Received Prepare
Registering precompiled user dll's ...
Registered in 0.002550 seconds.
Begin MonoManager ReloadAssembly
Native extension for WindowsStandalone target not found
Refreshing native plugins compatible for Editor in 0.50 ms, found 1 plugins.
Preloading 0 native plugins for Editor in 0.00 ms.
Invoked RoslynAnalysisRunner static constructor.
RoslynAnalysisRunner will not be running.
RoslynAnalysisRunner has terminated.
Mono: successfully reloaded assembly
- Completed reload, in  1.398 seconds
Platform modules already initialized, skipping
Refreshing native plugins compatible for Editor in 0.44 ms, found 1 plugins.
Preloading 0 native plugins for Editor in 0.00 ms.
Unloading 1803 Unused Serialized files (Serialized files now loaded: 0)
System memory in use before: 87.9 MB.
System memory in use after: 87.9 MB.

Unloading 12 unused Assets to reduce memory usage. Loaded Objects now: 2282.
Total: 2.944800 ms (FindLiveObjects: 0.230900 ms CreateObjectMapping: 0.110600 ms MarkObjects: 2.410700 ms  DeleteObjects: 0.191000 ms)

========================================================================
Received Prepare
Registering precompiled user dll's ...
Registered in 0.002010 seconds.
Begin MonoManager ReloadAssembly
Native extension for WindowsStandalone target not found
Refreshing native plugins compatible for Editor in 0.45 ms, found 1 plugins.
Preloading 0 native plugins for Editor in 0.00 ms.
Invoked RoslynAnalysisRunner static constructor.
RoslynAnalysisRunner will not be running.
RoslynAnalysisRunner has terminated.
Mono: successfully reloaded assembly
- Completed reload, in  1.484 seconds
Platform modules already initialized, skipping
Refreshing native plugins compatible for Editor in 0.45 ms, found 1 plugins.
Preloading 0 native plugins for Editor in 0.00 ms.
Unloading 1803 Unused Serialized files (Serialized files now loaded: 0)
System memory in use before: 88.0 MB.
System memory in use after: 87.9 MB.

Unloading 12 unused Assets to reduce memory usage. Loaded Objects now: 2286.
Total: 2.948900 ms (FindLiveObjects: 0.337800 ms CreateObjectMapping: 0.127200 ms MarkObjects: 2.328600 ms  DeleteObjects: 0.153600 ms)

========================================================================
Received Prepare
Registering precompiled user dll's ...
Registered in 0.001627 seconds.
Begin MonoManager ReloadAssembly
Native extension for WindowsStandalone target not found
Refreshing native plugins compatible for Editor in 0.54 ms, found 1 plugins.
Preloading 0 native plugins for Editor in 0.00 ms.
Invoked RoslynAnalysisRunner static constructor.
RoslynAnalysisRunner will not be running.
RoslynAnalysisRunner has terminated.
Mono: successfully reloaded assembly
- Completed reload, in  2.750 seconds
Platform modules already initialized, skipping
Refreshing native plugins compatible for Editor in 0.67 ms, found 1 plugins.
Preloading 0 native plugins for Editor in 0.00 ms.
Unloading 1803 Unused Serialized files (Serialized files now loaded: 0)
System memory in use before: 88.0 MB.
System memory in use after: 87.9 MB.

Unloading 12 unused Assets to reduce memory usage. Loaded Objects now: 2290.
Total: 5.474400 ms (FindLiveObjects: 0.636200 ms CreateObjectMapping: 0.265700 ms MarkObjects: 4.140200 ms  DeleteObjects: 0.429400 ms)

========================================================================
Received Prepare
Registering precompiled user dll's ...
Registered in 0.002059 seconds.
Begin MonoManager ReloadAssembly
Native extension for WindowsStandalone target not found
Refreshing native plugins compatible for Editor in 0.70 ms, found 1 plugins.
Preloading 0 native plugins for Editor in 0.00 ms.
Invoked RoslynAnalysisRunner static constructor.
RoslynAnalysisRunner will not be running.
RoslynAnalysisRunner has terminated.
Mono: successfully reloaded assembly
- Completed reload, in  1.718 seconds
Platform modules already initialized, skipping
Refreshing native plugins compatible for Editor in 0.79 ms, found 1 plugins.
Preloading 0 native plugins for Editor in 0.00 ms.
Unloading 1803 Unused Serialized files (Serialized files now loaded: 0)
System memory in use before: 88.0 MB.
System memory in use after: 88.0 MB.

Unloading 12 unused Assets to reduce memory usage. Loaded Objects now: 2294.
Total: 3.741500 ms (FindLiveObjects: 0.350800 ms CreateObjectMapping: 0.139000 ms MarkObjects: 3.089300 ms  DeleteObjects: 0.160300 ms)

========================================================================
Received Prepare
Registering precompiled user dll's ...
Registered in 0.002298 seconds.
Begin MonoManager ReloadAssembly
Native extension for WindowsStandalone target not found
Refreshing native plugins compatible for Editor in 0.72 ms, found 1 plugins.
Preloading 0 native plugins for Editor in 0.00 ms.
Invoked RoslynAnalysisRunner static constructor.
RoslynAnalysisRunner will not be running.
RoslynAnalysisRunner has terminated.
Mono: successfully reloaded assembly
- Completed reload, in  1.809 seconds
Platform modules already initialized, skipping
Refreshing native plugins compatible for Editor in 0.73 ms, found 1 plugins.
Preloading 0 native plugins for Editor in 0.00 ms.
Unloading 1803 Unused Serialized files (Serialized files now loaded: 0)
System memory in use before: 88.0 MB.
System memory in use after: 88.0 MB.

Unloading 12 unused Assets to reduce memory usage. Loaded Objects now: 2298.
Total: 4.129000 ms (FindLiveObjects: 0.337600 ms CreateObjectMapping: 0.120100 ms MarkObjects: 3.473000 ms  DeleteObjects: 0.196600 ms)

========================================================================
Received Prepare
Registering precompiled user dll's ...
Registered in 0.002149 seconds.
Begin MonoManager ReloadAssembly
Native extension for WindowsStandalone target not found
Refreshing native plugins compatible for Editor in 0.78 ms, found 1 plugins.
Preloading 0 native plugins for Editor in 0.00 ms.
Invoked RoslynAnalysisRunner static constructor.
RoslynAnalysisRunner will not be running.
RoslynAnalysisRunner has terminated.
Mono: successfully reloaded assembly
- Completed reload, in  1.811 seconds
Platform modules already initialized, skipping
Refreshing native plugins compatible for Editor in 0.66 ms, found 1 plugins.
Preloading 0 native plugins for Editor in 0.00 ms.
Unloading 1803 Unused Serialized files (Serialized files now loaded: 0)
System memory in use before: 88.0 MB.
System memory in use after: 88.0 MB.

Unloading 12 unused Assets to reduce memory usage. Loaded Objects now: 2302.
Total: 4.047600 ms (FindLiveObjects: 0.401400 ms CreateObjectMapping: 0.161300 ms MarkObjects: 3.256100 ms  DeleteObjects: 0.226900 ms)

========================================================================
Received Prepare
Registering precompiled user dll's ...
Registered in 0.002169 seconds.
Begin MonoManager ReloadAssembly
Native extension for WindowsStandalone target not found
Refreshing native plugins compatible for Editor in 0.69 ms, found 1 plugins.
Preloading 0 native plugins for Editor in 0.00 ms.
Invoked RoslynAnalysisRunner static constructor.
RoslynAnalysisRunner will not be running.
RoslynAnalysisRunner has terminated.
Mono: successfully reloaded assembly
- Completed reload, in  1.779 seconds
Platform modules already initialized, skipping
Refreshing native plugins compatible for Editor in 0.73 ms, found 1 plugins.
Preloading 0 native plugins for Editor in 0.00 ms.
Unloading 1803 Unused Serialized files (Serialized files now loaded: 0)
System memory in use before: 88.0 MB.
System memory in use after: 88.0 MB.

Unloading 12 unused Assets to reduce memory usage. Loaded Objects now: 2306.
Total: 3.378300 ms (FindLiveObjects: 0.259400 ms CreateObjectMapping: 0.126400 ms MarkObjects: 2.842200 ms  DeleteObjects: 0.148600 ms)

========================================================================
Received Prepare
Registering precompiled user dll's ...
Registered in 0.003507 seconds.
Begin MonoManager ReloadAssembly
Native extension for WindowsStandalone target not found
Refreshing native plugins compatible for Editor in 0.84 ms, found 1 plugins.
Preloading 0 native plugins for Editor in 0.00 ms.
Invoked RoslynAnalysisRunner static constructor.
RoslynAnalysisRunner will not be running.
RoslynAnalysisRunner has terminated.
Mono: successfully reloaded assembly
- Completed reload, in  1.878 seconds
Platform modules already initialized, skipping
Refreshing native plugins compatible for Editor in 0.73 ms, found 1 plugins.
Preloading 0 native plugins for Editor in 0.00 ms.
Unloading 1803 Unused Serialized files (Serialized files now loaded: 0)
System memory in use before: 88.0 MB.
System memory in use after: 88.0 MB.

Unloading 12 unused Assets to reduce memory usage. Loaded Objects now: 2310.
Total: 2.910600 ms (FindLiveObjects: 0.352100 ms CreateObjectMapping: 0.123000 ms MarkObjects: 2.287500 ms  DeleteObjects: 0.145800 ms)

========================================================================
Received Prepare
Registering precompiled user dll's ...
Registered in 0.002056 seconds.
Begin MonoManager ReloadAssembly
Native extension for WindowsStandalone target not found
Refreshing native plugins compatible for Editor in 0.78 ms, found 1 plugins.
Preloading 0 native plugins for Editor in 0.00 ms.
Invoked RoslynAnalysisRunner static constructor.
RoslynAnalysisRunner will not be running.
RoslynAnalysisRunner has terminated.
Mono: successfully reloaded assembly
- Completed reload, in  1.922 seconds
Platform modules already initialized, skipping
Refreshing native plugins compatible for Editor in 0.69 ms, found 1 plugins.
Preloading 0 native plugins for Editor in 0.00 ms.
Unloading 1803 Unused Serialized files (Serialized files now loaded: 0)
System memory in use before: 88.0 MB.
System memory in use after: 88.0 MB.

Unloading 12 unused Assets to reduce memory usage. Loaded Objects now: 2314.
Total: 4.196100 ms (FindLiveObjects: 0.388100 ms CreateObjectMapping: 0.183100 ms MarkObjects: 3.414100 ms  DeleteObjects: 0.209100 ms)

========================================================================
Received Import Request.
  Time since last request: 484.878152 seconds.
  path: Assets/sprites
  artifactKey: Guid(88b581eb4ca14c34eb535b6b92d62e89) Importer(815301076,1909f56bfc062723c751e8b465ee728b)
Start importing Assets/sprites using Guid(88b581eb4ca14c34eb535b6b92d62e89) Importer(815301076,1909f56bfc062723c751e8b465ee728b)  -> (artifact id: '5fdc2944c70c3a7f08b0e89d4f854697') in 0.009386 seconds
  Import took 0.023887 seconds .

========================================================================
Received Import Request.
  Time since last request: 53.183916 seconds.
  path: Assets/border_left.png
  artifactKey: Guid(dde77c2eba9613b44867cefb6ea96257) Importer(815301076,1909f56bfc062723c751e8b465ee728b)
Start importing Assets/border_left.png using Guid(dde77c2eba9613b44867cefb6ea96257) Importer(815301076,1909f56bfc062723c751e8b465ee728b)  -> (artifact id: '1937556e91f0cb3fb62f81a2850ac953') in 0.105603 seconds
  Import took 0.112225 seconds .

========================================================================
Received Import Request.
  Time since last request: 0.000400 seconds.
  path: Assets/border_top.png
  artifactKey: Guid(0f14ffb7d5492ef4284f2c7fa4857e7e) Importer(815301076,1909f56bfc062723c751e8b465ee728b)
Start importing Assets/border_top.png using Guid(0f14ffb7d5492ef4284f2c7fa4857e7e) Importer(815301076,1909f56bfc062723c751e8b465ee728b)  -> (artifact id: 'df553d31e9a6c65cd4ca9cd81001d87a') in 0.024236 seconds
  Import took 0.038662 seconds .

========================================================================
Received Import Request.
  Time since last request: 0.000467 seconds.
  path: Assets/border_right.png
  artifactKey: Guid(8ab97771836963a41bf614a522641dc7) Importer(815301076,1909f56bfc062723c751e8b465ee728b)
Start importing Assets/border_right.png using Guid(8ab97771836963a41bf614a522641dc7) Importer(815301076,1909f56bfc062723c751e8b465ee728b)  -> (artifact id: '8e5d577dc47cc90012e3ecde92c59b8d') in 0.032957 seconds
  Import took 0.041264 seconds .

========================================================================
Received Import Request.
  Time since last request: 1706.657605 seconds.
  path: Assets/racket.png
  artifactKey: Guid(ba17fadfb3cf30540b956fc4b256b6cb) Importer(815301076,1909f56bfc062723c751e8b465ee728b)
Start importing Assets/racket.png using Guid(ba17fadfb3cf30540b956fc4b256b6cb) Importer(815301076,1909f56bfc062723c751e8b465ee728b)  -> (artifact id: 'f65b6ef646ea4382d37ee6be316e03bb') in 0.058771 seconds
  Import took 0.069542 seconds .

========================================================================
Received Prepare
Registering precompiled user dll's ...
Registered in 0.001563 seconds.
Begin MonoManager ReloadAssembly
Native extension for WindowsStandalone target not found
Refreshing native plugins compatible for Editor in 0.49 ms, found 1 plugins.
Preloading 0 native plugins for Editor in 0.00 ms.
Invoked RoslynAnalysisRunner static constructor.
RoslynAnalysisRunner will not be running.
RoslynAnalysisRunner has terminated.
Mono: successfully reloaded assembly
- Completed reload, in  2.561 seconds
Platform modules already initialized, skipping
Refreshing native plugins compatible for Editor in 0.87 ms, found 1 plugins.
Preloading 0 native plugins for Editor in 0.00 ms.
Unloading 1804 Unused Serialized files (Serialized files now loaded: 0)
System memory in use before: 88.1 MB.
System memory in use after: 88.0 MB.

Unloading 12 unused Assets to reduce memory usage. Loaded Objects now: 2320.
Total: 3.252500 ms (FindLiveObjects: 0.278400 ms CreateObjectMapping: 0.131600 ms MarkObjects: 2.669800 ms  DeleteObjects: 0.170400 ms)

========================================================================
Received Import Request.
  Time since last request: 922.587820 seconds.
  path: Assets/Racket.cs
  artifactKey: Guid(df17f3485fa364c4a8fc0f13250bfc1d) Importer(815301076,1909f56bfc062723c751e8b465ee728b)
Start importing Assets/Racket.cs using Guid(df17f3485fa364c4a8fc0f13250bfc1d) Importer(815301076,1909f56bfc062723c751e8b465ee728b)  -> (artifact id: '87a9b96c0df31411589983f5307f7203') in 0.039841 seconds
  Import took 0.057280 seconds .

========================================================================
Received Prepare
Registering precompiled user dll's ...
Registered in 0.001941 seconds.
Begin MonoManager ReloadAssembly
Native extension for WindowsStandalone target not found
Refreshing native plugins compatible for Editor in 0.37 ms, found 1 plugins.
Preloading 0 native plugins for Editor in 0.00 ms.
Invoked RoslynAnalysisRunner static constructor.
RoslynAnalysisRunner will not be running.
RoslynAnalysisRunner has terminated.
Mono: successfully reloaded assembly
- Completed reload, in  0.758 seconds
Platform modules already initialized, skipping
Refreshing native plugins compatible for Editor in 0.33 ms, found 1 plugins.
Preloading 0 native plugins for Editor in 0.00 ms.
Unloading 1804 Unused Serialized files (Serialized files now loaded: 0)
System memory in use before: 88.1 MB.
System memory in use after: 88.1 MB.

Unloading 12 unused Assets to reduce memory usage. Loaded Objects now: 2324.
Total: 2.148800 ms (FindLiveObjects: 0.184300 ms CreateObjectMapping: 0.069000 ms MarkObjects: 1.782400 ms  DeleteObjects: 0.112000 ms)

========================================================================
Received Import Request.
  Time since last request: 50916.077002 seconds.
  path: Assets/Racket.cs
  artifactKey: Guid(df17f3485fa364c4a8fc0f13250bfc1d) Importer(815301076,1909f56bfc062723c751e8b465ee728b)
Start importing Assets/Racket.cs using Guid(df17f3485fa364c4a8fc0f13250bfc1d) Importer(815301076,1909f56bfc062723c751e8b465ee728b)  -> (artifact id: 'b8cc38a3cad3682a9aa865e1baffb8f5') in 0.007746 seconds
  Import took 0.011468 seconds .

========================================================================
Received Prepare
Registering precompiled user dll's ...
Registered in 0.001366 seconds.
Begin MonoManager ReloadAssembly
Native extension for WindowsStandalone target not found
Refreshing native plugins compatible for Editor in 0.33 ms, found 1 plugins.
Preloading 0 native plugins for Editor in 0.00 ms.
Invoked RoslynAnalysisRunner static constructor.
RoslynAnalysisRunner will not be running.
RoslynAnalysisRunner has terminated.
Mono: successfully reloaded assembly
- Completed reload, in  0.773 seconds
Platform modules already initialized, skipping
Refreshing native plugins compatible for Editor in 1.18 ms, found 1 plugins.
Preloading 0 native plugins for Editor in 0.00 ms.
Unloading 1804 Unused Serialized files (Serialized files now loaded: 0)
System memory in use before: 88.1 MB.
System memory in use after: 88.1 MB.

Unloading 12 unused Assets to reduce memory usage. Loaded Objects now: 2328.
Total: 2.277600 ms (FindLiveObjects: 0.341000 ms CreateObjectMapping: 0.109900 ms MarkObjects: 1.721800 ms  DeleteObjects: 0.103200 ms)

========================================================================
Received Prepare
Registering precompiled user dll's ...
Registered in 0.000933 seconds.
Begin MonoManager ReloadAssembly
Native extension for WindowsStandalone target not found
Refreshing native plugins compatible for Editor in 0.80 ms, found 1 plugins.
Preloading 0 native plugins for Editor in 0.00 ms.
Invoked RoslynAnalysisRunner static constructor.
RoslynAnalysisRunner will not be running.
RoslynAnalysisRunner has terminated.
Mono: successfully reloaded assembly
- Completed reload, in  0.975 seconds
Platform modules already initialized, skipping
Refreshing native plugins compatible for Editor in 0.32 ms, found 1 plugins.
Preloading 0 native plugins for Editor in 0.00 ms.
Unloading 1804 Unused Serialized files (Serialized files now loaded: 0)
System memory in use before: 88.1 MB.
System memory in use after: 88.1 MB.

Unloading 12 unused Assets to reduce memory usage. Loaded Objects now: 2332.
Total: 3.181100 ms (FindLiveObjects: 0.251300 ms CreateObjectMapping: 0.175600 ms MarkObjects: 2.634000 ms  DeleteObjects: 0.118000 ms)

========================================================================
Received Prepare
Registering precompiled user dll's ...
Registered in 0.001596 seconds.
Begin MonoManager ReloadAssembly
Native extension for WindowsStandalone target not found
Refreshing native plugins compatible for Editor in 0.32 ms, found 1 plugins.
Preloading 0 native plugins for Editor in 0.00 ms.
Invoked RoslynAnalysisRunner static constructor.
RoslynAnalysisRunner will not be running.
RoslynAnalysisRunner has terminated.
Mono: successfully reloaded assembly
- Completed reload, in  0.762 seconds
Platform modules already initialized, skipping
Refreshing native plugins compatible for Editor in 0.31 ms, found 1 plugins.
Preloading 0 native plugins for Editor in 0.00 ms.
Unloading 1804 Unused Serialized files (Serialized files now loaded: 0)
System memory in use before: 88.1 MB.
System memory in use after: 88.1 MB.

Unloading 12 unused Assets to reduce memory usage. Loaded Objects now: 2336.
Total: 2.232300 ms (FindLiveObjects: 0.390000 ms CreateObjectMapping: 0.144000 ms MarkObjects: 1.589200 ms  DeleteObjects: 0.107800 ms)

========================================================================
Received Import Request.
  Time since last request: 471.411355 seconds.
  path: Assets/ball.png
  artifactKey: Guid(3dd038bc2be8049408618e87c934966e) Importer(815301076,1909f56bfc062723c751e8b465ee728b)
Start importing Assets/ball.png using Guid(3dd038bc2be8049408618e87c934966e) Importer(815301076,1909f56bfc062723c751e8b465ee728b)  -> (artifact id: 'e6bb5e2662fbf54bfd91b5ddc9ce282a') in 0.081737 seconds
  Import took 0.085210 seconds .

========================================================================
Received Import Request.
  Time since last request: 86.869518 seconds.
  path: Assets
  artifactKey: Guid(00000000000000001000000000000000) Importer(815301076,1909f56bfc062723c751e8b465ee728b)
Start importing Assets using Guid(00000000000000001000000000000000) Importer(815301076,1909f56bfc062723c751e8b465ee728b)  -> (artifact id: '819a33a9bd799f71faca6db75e8a216c') in 0.012272 seconds
  Import took 0.023487 seconds .

========================================================================
Received Import Request.
  Time since last request: 10.412959 seconds.
  path: Assets/New Flare.flare
  artifactKey: Guid(2f8d71a375efa4e40b0e58615b1cac9e) Importer(815301076,1909f56bfc062723c751e8b465ee728b)
Start importing Assets/New Flare.flare using Guid(2f8d71a375efa4e40b0e58615b1cac9e) Importer(815301076,1909f56bfc062723c751e8b465ee728b)  -> (artifact id: '9c8b5d6cd44fb16553bf522f5c4d22af') in 0.010425 seconds
  Import took 0.019328 seconds .

========================================================================
Received Import Request.
  Time since last request: 43.823702 seconds.
  path: Assets/BallMaterial.physicsMaterial2D
  artifactKey: Guid(9425bdd082117274fbfa7c571642e321) Importer(815301076,1909f56bfc062723c751e8b465ee728b)
Start importing Assets/BallMaterial.physicsMaterial2D using Guid(9425bdd082117274fbfa7c571642e321) Importer(815301076,1909f56bfc062723c751e8b465ee728b)  -> (artifact id: 'b6daeb3f72e33b08fca46291901b4394') in 0.009051 seconds
  Import took 0.012184 seconds .

========================================================================
Received Prepare
Registering precompiled user dll's ...
Registered in 0.000964 seconds.
Begin MonoManager ReloadAssembly
Native extension for WindowsStandalone target not found
Refreshing native plugins compatible for Editor in 0.32 ms, found 1 plugins.
Preloading 0 native plugins for Editor in 0.00 ms.
Invoked RoslynAnalysisRunner static constructor.
RoslynAnalysisRunner will not be running.
RoslynAnalysisRunner has terminated.
Mono: successfully reloaded assembly
- Completed reload, in  0.831 seconds
Platform modules already initialized, skipping
Refreshing native plugins compatible for Editor in 0.35 ms, found 1 plugins.
Preloading 0 native plugins for Editor in 0.00 ms.
Unloading 1805 Unused Serialized files (Serialized files now loaded: 0)
System memory in use before: 88.2 MB.
System memory in use after: 88.1 MB.

Unloading 12 unused Assets to reduce memory usage. Loaded Objects now: 2342.
Total: 2.005700 ms (FindLiveObjects: 0.183400 ms CreateObjectMapping: 0.065200 ms MarkObjects: 1.656400 ms  DeleteObjects: 0.099800 ms)

========================================================================
Received Prepare
Registering precompiled user dll's ...
Registered in 0.000985 seconds.
Begin MonoManager ReloadAssembly
Native extension for WindowsStandalone target not found
Refreshing native plugins compatible for Editor in 0.32 ms, found 1 plugins.
Preloading 0 native plugins for Editor in 0.00 ms.
Invoked RoslynAnalysisRunner static constructor.
RoslynAnalysisRunner will not be running.
RoslynAnalysisRunner has terminated.
Mono: successfully reloaded assembly
- Completed reload, in  0.761 seconds
Platform modules already initialized, skipping
Refreshing native plugins compatible for Editor in 0.32 ms, found 1 plugins.
Preloading 0 native plugins for Editor in 0.00 ms.
Unloading 1805 Unused Serialized files (Serialized files now loaded: 0)
System memory in use before: 88.2 MB.
System memory in use after: 88.1 MB.

Unloading 12 unused Assets to reduce memory usage. Loaded Objects now: 2346.
Total: 2.276200 ms (FindLiveObjects: 0.291900 ms CreateObjectMapping: 0.099700 ms MarkObjects: 1.734000 ms  DeleteObjects: 0.149200 ms)

========================================================================
Received Prepare
Registering precompiled user dll's ...
Registered in 0.000977 seconds.
Begin MonoManager ReloadAssembly
Native extension for WindowsStandalone target not found
Refreshing native plugins compatible for Editor in 0.39 ms, found 1 plugins.
Preloading 0 native plugins for Editor in 0.00 ms.
Invoked RoslynAnalysisRunner static constructor.
RoslynAnalysisRunner will not be running.
RoslynAnalysisRunner has terminated.
Mono: successfully reloaded assembly
- Completed reload, in  0.766 seconds
Platform modules already initialized, skipping
Refreshing native plugins compatible for Editor in 0.31 ms, found 1 plugins.
Preloading 0 native plugins for Editor in 0.00 ms.
Unloading 1805 Unused Serialized files (Serialized files now loaded: 0)
System memory in use before: 88.2 MB.
System memory in use after: 88.2 MB.

Unloading 12 unused Assets to reduce memory usage. Loaded Objects now: 2350.
Total: 2.043600 ms (FindLiveObjects: 0.213600 ms CreateObjectMapping: 0.083400 ms MarkObjects: 1.645700 ms  DeleteObjects: 0.099700 ms)

========================================================================
Received Import Request.
  Time since last request: 594.038520 seconds.
  path: Assets/BallMaterial.physicsMaterial2D
  artifactKey: Guid(9425bdd082117274fbfa7c571642e321) Importer(815301076,1909f56bfc062723c751e8b465ee728b)
Start importing Assets/BallMaterial.physicsMaterial2D using Guid(9425bdd082117274fbfa7c571642e321) Importer(815301076,1909f56bfc062723c751e8b465ee728b)  -> (artifact id: 'e53c85b98da4edc328180e1a997dd588') in 0.010885 seconds
  Import took 0.013593 seconds .

========================================================================
Received Prepare
Registering precompiled user dll's ...
Registered in 0.000941 seconds.
Begin MonoManager ReloadAssembly
Native extension for WindowsStandalone target not found
Refreshing native plugins compatible for Editor in 0.31 ms, found 1 plugins.
Preloading 0 native plugins for Editor in 0.00 ms.
Invoked RoslynAnalysisRunner static constructor.
RoslynAnalysisRunner will not be running.
RoslynAnalysisRunner has terminated.
Mono: successfully reloaded assembly
- Completed reload, in  0.770 seconds
Platform modules already initialized, skipping
Refreshing native plugins compatible for Editor in 0.34 ms, found 1 plugins.
Preloading 0 native plugins for Editor in 0.00 ms.
Unloading 1805 Unused Serialized files (Serialized files now loaded: 0)
System memory in use before: 88.2 MB.
System memory in use after: 88.2 MB.

Unloading 12 unused Assets to reduce memory usage. Loaded Objects now: 2354.
Total: 2.156400 ms (FindLiveObjects: 0.271100 ms CreateObjectMapping: 0.124500 ms MarkObjects: 1.663000 ms  DeleteObjects: 0.096300 ms)

========================================================================
Received Prepare
Registering precompiled user dll's ...
Registered in 0.000961 seconds.
Begin MonoManager ReloadAssembly
Native extension for WindowsStandalone target not found
Refreshing native plugins compatible for Editor in 0.32 ms, found 1 plugins.
Preloading 0 native plugins for Editor in 0.00 ms.
Invoked RoslynAnalysisRunner static constructor.
RoslynAnalysisRunner will not be running.
RoslynAnalysisRunner has terminated.
Mono: successfully reloaded assembly
- Completed reload, in  0.781 seconds
Platform modules already initialized, skipping
Refreshing native plugins compatible for Editor in 0.32 ms, found 1 plugins.
Preloading 0 native plugins for Editor in 0.00 ms.
Unloading 1805 Unused Serialized files (Serialized files now loaded: 0)
System memory in use before: 88.2 MB.
System memory in use after: 88.2 MB.

Unloading 12 unused Assets to reduce memory usage. Loaded Objects now: 2358.
Total: 2.606200 ms (FindLiveObjects: 0.330200 ms CreateObjectMapping: 0.061500 ms MarkObjects: 2.087700 ms  DeleteObjects: 0.125200 ms)

========================================================================
Received Prepare
Registering precompiled user dll's ...
Registered in 0.000991 seconds.
Begin MonoManager ReloadAssembly
Native extension for WindowsStandalone target not found
Refreshing native plugins compatible for Editor in 0.32 ms, found 1 plugins.
Preloading 0 native plugins for Editor in 0.00 ms.
Invoked RoslynAnalysisRunner static constructor.
RoslynAnalysisRunner will not be running.
RoslynAnalysisRunner has terminated.
Mono: successfully reloaded assembly
- Completed reload, in  0.753 seconds
Platform modules already initialized, skipping
Refreshing native plugins compatible for Editor in 0.38 ms, found 1 plugins.
Preloading 0 native plugins for Editor in 0.00 ms.
Unloading 1805 Unused Serialized files (Serialized files now loaded: 0)
System memory in use before: 88.2 MB.
System memory in use after: 88.2 MB.

Unloading 12 unused Assets to reduce memory usage. Loaded Objects now: 2362.
Total: 3.629300 ms (FindLiveObjects: 0.517600 ms CreateObjectMapping: 0.142700 ms MarkObjects: 2.798700 ms  DeleteObjects: 0.169000 ms)

========================================================================
Received Prepare
Registering precompiled user dll's ...
Registered in 0.000976 seconds.
Begin MonoManager ReloadAssembly
Native extension for WindowsStandalone target not found
Refreshing native plugins compatible for Editor in 0.39 ms, found 1 plugins.
Preloading 0 native plugins for Editor in 0.00 ms.
Invoked RoslynAnalysisRunner static constructor.
RoslynAnalysisRunner will not be running.
RoslynAnalysisRunner has terminated.
Mono: successfully reloaded assembly
- Completed reload, in  0.773 seconds
Platform modules already initialized, skipping
Refreshing native plugins compatible for Editor in 0.47 ms, found 1 plugins.
Preloading 0 native plugins for Editor in 0.00 ms.
Unloading 1805 Unused Serialized files (Serialized files now loaded: 0)
System memory in use before: 88.2 MB.
System memory in use after: 88.2 MB.

Unloading 12 unused Assets to reduce memory usage. Loaded Objects now: 2366.
Total: 2.346200 ms (FindLiveObjects: 0.233700 ms CreateObjectMapping: 0.071400 ms MarkObjects: 1.905500 ms  DeleteObjects: 0.134300 ms)

========================================================================
Received Prepare
Registering precompiled user dll's ...
Registered in 0.000996 seconds.
Begin MonoManager ReloadAssembly
Native extension for WindowsStandalone target not found
Refreshing native plugins compatible for Editor in 0.31 ms, found 1 plugins.
Preloading 0 native plugins for Editor in 0.00 ms.
Invoked RoslynAnalysisRunner static constructor.
RoslynAnalysisRunner will not be running.
RoslynAnalysisRunner has terminated.
Mono: successfully reloaded assembly
- Completed reload, in  0.893 seconds
Platform modules already initialized, skipping
Refreshing native plugins compatible for Editor in 0.32 ms, found 1 plugins.
Preloading 0 native plugins for Editor in 0.00 ms.
Unloading 1805 Unused Serialized files (Serialized files now loaded: 0)
System memory in use before: 88.2 MB.
System memory in use after: 88.2 MB.

Unloading 12 unused Assets to reduce memory usage. Loaded Objects now: 2370.
Total: 2.254400 ms (FindLiveObjects: 0.318600 ms CreateObjectMapping: 0.060500 ms MarkObjects: 1.735800 ms  DeleteObjects: 0.138800 ms)

========================================================================
Received Prepare
Registering precompiled user dll's ...
Registered in 0.001039 seconds.
Begin MonoManager ReloadAssembly
Native extension for WindowsStandalone target not found
Refreshing native plugins compatible for Editor in 0.31 ms, found 1 plugins.
Preloading 0 native plugins for Editor in 0.00 ms.
Invoked RoslynAnalysisRunner static constructor.
RoslynAnalysisRunner will not be running.
RoslynAnalysisRunner has terminated.
Mono: successfully reloaded assembly
- Completed reload, in  0.750 seconds
Platform modules already initialized, skipping
Refreshing native plugins compatible for Editor in 0.32 ms, found 1 plugins.
Preloading 0 native plugins for Editor in 0.00 ms.
Unloading 1805 Unused Serialized files (Serialized files now loaded: 0)
System memory in use before: 88.2 MB.
System memory in use after: 88.2 MB.

Unloading 12 unused Assets to reduce memory usage. Loaded Objects now: 2374.
Total: 2.476900 ms (FindLiveObjects: 0.571700 ms CreateObjectMapping: 0.137900 ms MarkObjects: 1.618700 ms  DeleteObjects: 0.146700 ms)

========================================================================
Received Import Request.
  Time since last request: 6455.028641 seconds.
  path: Assets/block_blue.png
  artifactKey: Guid(60c72a9159063b445ab66cad451c9c56) Importer(815301076,1909f56bfc062723c751e8b465ee728b)
Start importing Assets/block_blue.png using Guid(60c72a9159063b445ab66cad451c9c56) Importer(815301076,1909f56bfc062723c751e8b465ee728b)  -> (artifact id: 'e00d1877dc708170b577889a5f4f5100') in 0.072708 seconds
  Import took 0.076221 seconds .

========================================================================
Received Import Request.
  Time since last request: 0.000250 seconds.
  path: Assets/block_red.png
  artifactKey: Guid(94ec74e5e623ffb49b6684609efebc67) Importer(815301076,1909f56bfc062723c751e8b465ee728b)
Start importing Assets/block_red.png using Guid(94ec74e5e623ffb49b6684609efebc67) Importer(815301076,1909f56bfc062723c751e8b465ee728b)  -> (artifact id: '0d8297f7d8c9e665d4745d21e0ee4492') in 0.015744 seconds
  Import took 0.019631 seconds .

========================================================================
Received Import Request.
  Time since last request: 0.000876 seconds.
  path: Assets/block_pink.png
  artifactKey: Guid(ca9fee67ccb1d9540943bed7a05b0202) Importer(815301076,1909f56bfc062723c751e8b465ee728b)
Start importing Assets/block_pink.png using Guid(ca9fee67ccb1d9540943bed7a05b0202) Importer(815301076,1909f56bfc062723c751e8b465ee728b)  -> (artifact id: '376812c3091f3c19e190a40ca5d06180') in 0.019245 seconds
  Import took 0.023673 seconds .

========================================================================
Received Import Request.
  Time since last request: 0.000320 seconds.
  path: Assets/block_green.png
  artifactKey: Guid(4324006eff1e7e241a4292458811545a) Importer(815301076,1909f56bfc062723c751e8b465ee728b)
Start importing Assets/block_green.png using Guid(4324006eff1e7e241a4292458811545a) Importer(815301076,1909f56bfc062723c751e8b465ee728b)  -> (artifact id: 'a75fb4a1081de154f48c3521b02a000e') in 0.023874 seconds
  Import took 0.027210 seconds .

========================================================================
Received Import Request.
  Time since last request: 0.000429 seconds.
  path: Assets/block_yellow.png
  artifactKey: Guid(add6fb60cd2cc90419853323dabbe22f) Importer(815301076,1909f56bfc062723c751e8b465ee728b)
Start importing Assets/block_yellow.png using Guid(add6fb60cd2cc90419853323dabbe22f) Importer(815301076,1909f56bfc062723c751e8b465ee728b)  -> (artifact id: '8a6a70909a1bbccc6f4485d60f52ae14') in 0.023953 seconds
  Import took 0.027779 seconds .

========================================================================
Received Prepare
Registering precompiled user dll's ...
Registered in 0.001345 seconds.
Begin MonoManager ReloadAssembly
Native extension for WindowsStandalone target not found
Refreshing native plugins compatible for Editor in 0.32 ms, found 1 plugins.
Preloading 0 native plugins for Editor in 0.00 ms.
Invoked RoslynAnalysisRunner static constructor.
RoslynAnalysisRunner will not be running.
RoslynAnalysisRunner has terminated.
Mono: successfully reloaded assembly
- Completed reload, in  0.827 seconds
Platform modules already initialized, skipping
Refreshing native plugins compatible for Editor in 0.45 ms, found 1 plugins.
Preloading 0 native plugins for Editor in 0.00 ms.
Unloading 1806 Unused Serialized files (Serialized files now loaded: 0)
System memory in use before: 88.3 MB.
System memory in use after: 88.2 MB.

Unloading 12 unused Assets to reduce memory usage. Loaded Objects now: 2380.
Total: 2.177000 ms (FindLiveObjects: 0.190600 ms CreateObjectMapping: 0.071900 ms MarkObjects: 1.809000 ms  DeleteObjects: 0.104400 ms)

========================================================================
Received Prepare
Registering precompiled user dll's ...
Registered in 0.001020 seconds.
Begin MonoManager ReloadAssembly
Native extension for WindowsStandalone target not found
Refreshing native plugins compatible for Editor in 0.32 ms, found 1 plugins.
Preloading 0 native plugins for Editor in 0.00 ms.
Invoked RoslynAnalysisRunner static constructor.
RoslynAnalysisRunner will not be running.
RoslynAnalysisRunner has terminated.
Mono: successfully reloaded assembly
- Completed reload, in  0.962 seconds
Platform modules already initialized, skipping
Refreshing native plugins compatible for Editor in 0.31 ms, found 1 plugins.
Preloading 0 native plugins for Editor in 0.00 ms.
Unloading 1806 Unused Serialized files (Serialized files now loaded: 0)
System memory in use before: 88.3 MB.
System memory in use after: 88.3 MB.

Unloading 12 unused Assets to reduce memory usage. Loaded Objects now: 2384.
Total: 2.517100 ms (FindLiveObjects: 0.350800 ms CreateObjectMapping: 0.160500 ms MarkObjects: 1.900200 ms  DeleteObjects: 0.104100 ms)

========================================================================
Received Prepare
Registering precompiled user dll's ...
Registered in 0.001136 seconds.
Begin MonoManager ReloadAssembly
Native extension for WindowsStandalone target not found
Refreshing native plugins compatible for Editor in 0.32 ms, found 1 plugins.
Preloading 0 native plugins for Editor in 0.00 ms.
Invoked RoslynAnalysisRunner static constructor.
RoslynAnalysisRunner will not be running.
RoslynAnalysisRunner has terminated.
Mono: successfully reloaded assembly
- Completed reload, in  0.763 seconds
Platform modules already initialized, skipping
Refreshing native plugins compatible for Editor in 0.32 ms, found 1 plugins.
Preloading 0 native plugins for Editor in 0.00 ms.
Unloading 1806 Unused Serialized files (Serialized files now loaded: 0)
System memory in use before: 88.3 MB.
System memory in use after: 88.3 MB.

Unloading 12 unused Assets to reduce memory usage. Loaded Objects now: 2388.
Total: 2.933200 ms (FindLiveObjects: 0.269600 ms CreateObjectMapping: 0.195400 ms MarkObjects: 2.359300 ms  DeleteObjects: 0.107400 ms)

========================================================================
Received Prepare
Registering precompiled user dll's ...
Registered in 0.001051 seconds.
Begin MonoManager ReloadAssembly
Native extension for WindowsStandalone target not found
Refreshing native plugins compatible for Editor in 0.33 ms, found 1 plugins.
Preloading 0 native plugins for Editor in 0.00 ms.
Invoked RoslynAnalysisRunner static constructor.
RoslynAnalysisRunner will not be running.
RoslynAnalysisRunner has terminated.
Mono: successfully reloaded assembly
- Completed reload, in  0.783 seconds
Platform modules already initialized, skipping
Refreshing native plugins compatible for Editor in 0.38 ms, found 1 plugins.
Preloading 0 native plugins for Editor in 0.00 ms.
Unloading 1806 Unused Serialized files (Serialized files now loaded: 0)
System memory in use before: 88.3 MB.
System memory in use after: 88.3 MB.

Unloading 12 unused Assets to reduce memory usage. Loaded Objects now: 2392.
Total: 2.294500 ms (FindLiveObjects: 0.210800 ms CreateObjectMapping: 0.075500 ms MarkObjects: 1.908200 ms  DeleteObjects: 0.098800 ms)

========================================================================
Received Import Request.
  Time since last request: 2806.337058 seconds.
  path: Assets/Scenes/SampleScene.scenetemplate
  artifactKey: Guid(63db59e8c1d876343a845007d39cbaa1) Importer(815301076,1909f56bfc062723c751e8b465ee728b)
Start importing Assets/Scenes/SampleScene.scenetemplate using Guid(63db59e8c1d876343a845007d39cbaa1) Importer(815301076,1909f56bfc062723c751e8b465ee728b)  -> (artifact id: '1e7311e9615f15154fd87564467c0406') in 0.048292 seconds
  Import took 0.054321 seconds .

========================================================================
Received Import Request.
  Time since last request: 0.004437 seconds.
  path: Assets/Scenes/SampleScene.scenetemplate
  artifactKey: Guid(63db59e8c1d876343a845007d39cbaa1) Importer(815301076,1909f56bfc062723c751e8b465ee728b)
Start importing Assets/Scenes/SampleScene.scenetemplate using Guid(63db59e8c1d876343a845007d39cbaa1) Importer(815301076,1909f56bfc062723c751e8b465ee728b)  -> (artifact id: '1e7311e9615f15154fd87564467c0406') in 0.015284 seconds
  Import took 0.019312 seconds .

AssetImportWorkerClient::OnTransportError - code=2 error=End of file
